<?xml version="1.0" encoding="UTF-8"?>
<!-- Generated by org.testng.reporters.JUnitReportReporter -->
<testsuite hostname="LAPTOP-D3E2SELF" failures="0" tests="4" name="testCases.NewTest" time="9.547" errors="0" timestamp="2022-07-25T12:24:10 PDT" skipped="0">
  <testcase classname="testCases.NewTest" name="fe" time="2.898"/>
  <system-out/>
  <testcase classname="testCases.NewTest" name="fr" time="2.054"/>
  <system-out/>
  <testcase classname="testCases.NewTest" name="f" time="2.169"/>
  <system-out/>
  <testcase classname="testCases.NewTest" name="fw" time="2.426"/>
  <system-out/>
</testsuite> <!-- testCases.NewTest -->
